Group3v2/app/build/intermediates/manifest_merge_blame_file/debug/manifest-merger-blame-debug-report.txt
1<?xml version="1.0" encoding="utf-8"?>
2<manifest xmlns:android="http://schemas.android.com/apk/res/android"
3    package="com.example.grou3v2"
4    android:versionCode="1"
5    android:versionName="1.0" >
6
7    <uses-sdk
8        android:minSdkVersion="16"
8-->src/main/AndroidManifest.xml
9        android:targetSdkVersion="29" />
9-->src/main/AndroidManifest.xml
10
11    <!-- Although the *SdkVersion is captured in gradle build files, this is required for non gradle builds -->
12    <!-- <uses-sdk android:minSdkVersion="14"/> -->
13    <uses-permission android:name="android.permission.ACCESS_NETWORK_STATE" />
13-->[com.google.firebase:firebase-database:19.3.1] AndroidManifest.xml:25:5-79
13-->[com.google.firebase:firebase-database:19.3.1] AndroidManifest.xml:25:22-76
14    <uses-permission android:name="android.permission.INTERNET" />
14-->[com.google.firebase:firebase-database:19.3.1] AndroidManifest.xml:26:5-67
14-->[com.google.firebase:firebase-database:19.3.1] AndroidManifest.xml:26:22-64
15
16    <application
16-->src/main/AndroidManifest.xml:5:5-21:19
17        android:allowBackup="true"
17-->src/main/AndroidManifest.xml:6:9-35
18        android:appComponentFactory="androidx.core.app.CoreComponentFactory"
18-->[androidx.core:core:1.1.0] AndroidManifest.xml:24:18-86
19        android:debuggable="true"
20        android:icon="@mipmap/ic_launcher"
20-->src/main/AndroidManifest.xml:7:9-43
21        android:label="@string/app_name"
21-->src/main/AndroidManifest.xml:8:9-41
22        android:roundIcon="@mipmap/ic_launcher_round"
22-->src/main/AndroidManifest.xml:9:9-54
23        android:supportsRtl="true"
23-->src/main/AndroidManifest.xml:10:9-35
24        android:testOnly="true"
25        android:theme="@style/AppTheme" >
25-->src/main/AndroidManifest.xml:11:9-40
26        <activity android:name="com.example.grou3v2.MainActivity" >
26-->src/main/AndroidManifest.xml:12:9-18:20
26-->src/main/AndroidManifest.xml:12:19-47
27            <intent-filter>
27-->src/main/AndroidManifest.xml:13:13-17:29
28                <action android:name="android.intent.action.MAIN" />
28-->src/main/AndroidManifest.xml:14:17-69
28-->src/main/AndroidManifest.xml:14:25-66
29
30                <category android:name="android.intent.category.LAUNCHER" />
30-->src/main/AndroidManifest.xml:16:17-77
30-->src/main/AndroidManifest.xml:16:27-74
31            </intent-filter>
32        </activity>
33        <activity android:name="com.example.grou3v2.Contact_Details" />
33-->src/main/AndroidManifest.xml:19:9-63
33-->src/main/AndroidManifest.xml:19:19-51
34        <activity android:name="com.example.grou3v2.MakePost" />
34-->src/main/AndroidManifest.xml:20:9-56
34-->src/main/AndroidManifest.xml:20:19-44
35        <activity
35-->[com.google.firebase:firebase-auth:19.3.1] AndroidManifest.xml:24:9-31:50
36            android:name="com.google.firebase.auth.internal.FederatedSignInActivity"
36-->[com.google.firebase:firebase-auth:19.3.1] AndroidManifest.xml:25:13-85
37            android:excludeFromRecents="true"
37-->[com.google.firebase:firebase-auth:19.3.1] AndroidManifest.xml:26:13-46
38            android:exported="true"
38-->[com.google.firebase:firebase-auth:19.3.1] AndroidManifest.xml:27:13-36
39            android:launchMode="singleTask"
39-->[com.google.firebase:firebase-auth:19.3.1] AndroidManifest.xml:28:13-44
40            android:permission="com.google.firebase.auth.api.gms.permission.LAUNCH_FEDERATED_SIGN_IN"
40-->[com.google.firebase:firebase-auth:19.3.1] AndroidManifest.xml:29:13-102
41            android:theme="@android:style/Theme.Translucent.NoTitleBar" />
41-->[com.google.firebase:firebase-auth:19.3.1] AndroidManifest.xml:30:13-72
42
43        <service
43-->[com.google.firebase:firebase-auth:19.3.1] AndroidManifest.xml:33:9-39:19
44            android:name="com.google.firebase.components.ComponentDiscoveryService"
44-->[com.google.firebase:firebase-auth:19.3.1] AndroidManifest.xml:34:13-84
45            android:directBootAware="true"
45-->[com.google.firebase:firebase-common:19.3.0] AndroidManifest.xml:34:13-43
46            android:exported="false" >
46-->[com.google.firebase:firebase-auth:19.3.1] AndroidManifest.xml:35:13-37
47            <meta-data
47-->[com.google.firebase:firebase-auth:19.3.1] AndroidManifest.xml:36:13-38:85
48                android:name="com.google.firebase.components:com.google.firebase.auth.FirebaseAuthRegistrar"
48-->[com.google.firebase:firebase-auth:19.3.1] AndroidManifest.xml:37:17-109
49                android:value="com.google.firebase.components.ComponentRegistrar" />
49-->[com.google.firebase:firebase-auth:19.3.1] AndroidManifest.xml:38:17-82
50            <meta-data
50-->[com.google.firebase:firebase-database:19.3.1] AndroidManifest.xml:32:13-34:85
51                android:name="com.google.firebase.components:com.google.firebase.database.DatabaseRegistrar"
51-->[com.google.firebase:firebase-database:19.3.1] AndroidManifest.xml:33:17-109
52                android:value="com.google.firebase.components.ComponentRegistrar" />
52-->[com.google.firebase:firebase-database:19.3.1] AndroidManifest.xml:34:17-82
53        </service>
54        <service
54-->[androidx.room:room-runtime:2.2.5] AndroidManifest.xml:25:9-28:40
55            android:name="androidx.room.MultiInstanceInvalidationService"
55-->[androidx.room:room-runtime:2.2.5] AndroidManifest.xml:26:13-74
56            android:directBootAware="true"
56-->[androidx.room:room-runtime:2.2.5] AndroidManifest.xml:27:13-43
57            android:exported="false" />
57-->[androidx.room:room-runtime:2.2.5] AndroidManifest.xml:28:13-37
58
59        <activity
59-->[com.google.android.gms:play-services-base:17.1.0] AndroidManifest.xml:23:9-26:75
60            android:name="com.google.android.gms.common.api.GoogleApiActivity"
60-->[com.google.android.gms:play-services-base:17.1.0] AndroidManifest.xml:24:13-79
61            android:exported="false"
61-->[com.google.android.gms:play-services-base:17.1.0] AndroidManifest.xml:25:13-37
62            android:theme="@android:style/Theme.Translucent.NoTitleBar" />
62-->[com.google.android.gms:play-services-base:17.1.0] AndroidManifest.xml:26:13-72
63
64        <provider
64-->[com.google.firebase:firebase-common:19.3.0] AndroidManifest.xml:26:9-30:39
65            android:name="com.google.firebase.provider.FirebaseInitProvider"
65-->[com.google.firebase:firebase-common:19.3.0] AndroidManifest.xml:27:13-77
66            android:authorities="com.example.grou3v2.firebaseinitprovider"
66-->[com.google.firebase:firebase-common:19.3.0] AndroidManifest.xml:28:13-72
67            android:exported="false"
67-->[com.google.firebase:firebase-common:19.3.0] AndroidManifest.xml:29:13-37
68            android:initOrder="100" />
68-->[com.google.firebase:firebase-common:19.3.0] AndroidManifest.xml:30:13-36
69
70        <meta-data
70-->[com.google.android.gms:play-services-basement:17.0.0] AndroidManifest.xml:23:9-25:69
71            android:name="com.google.android.gms.version"
71-->[com.google.android.gms:play-services-basement:17.0.0] AndroidManifest.xml:24:13-58
72            android:value="@integer/google_play_services_version" />
72-->[com.google.android.gms:play-services-basement:17.0.0] AndroidManifest.xml:25:13-66
73    </application>
74
75</manifest>